CRITICAL - 2020-08-14 22:27:55 --> Unable to connect to the database.
#0 /home/u982083468/domains/intelektbusiness.com/public_html/whai/system/Database/BaseConnection.php(646): CodeIgniter\Database\BaseConnection->initialize()
#1 /home/u982083468/domains/intelektbusiness.com/public_html/whai/system/Database/BaseBuilder.php(1860): CodeIgniter\Database\BaseConnection->query('SELECT *\nFROM `...', Array, false)
#2 /home/u982083468/domains/intelektbusiness.com/public_html/whai/app/Models/CustomModel.php(22): CodeIgniter\Database\BaseBuilder->get()
#3 /home/u982083468/domains/intelektbusiness.com/public_html/whai/app/validation/UserRules.php(10): App\Models\CustomModel->searchUser(Array)
#4 /home/u982083468/domains/intelektbusiness.com/public_html/whai/system/Validation/Validation.php(325): App\validation\UserRules->validateUser('P@$$w0rd', 'username,passwo...', Array, NULL)
#5 /home/u982083468/domains/intelektbusiness.com/public_html/whai/system/Validation/Validation.php(189): CodeIgniter\Validation\Validation->processRules('password', 'password', 'P@$$w0rd', Array, Array)
#6 /home/u982083468/domains/intelektbusiness.com/public_html/whai/system/Controller.php(219): CodeIgniter\Validation\Validation->run()
#7 /home/u982083468/domains/intelektbusiness.com/public_html/whai/app/Controllers/Users.php(28): CodeIgniter\Controller->validate(Array, Array)
#8 /home/u982083468/domains/intelektbusiness.com/public_html/whai/system/CodeIgniter.php(918): App\Controllers\Users->index()
#9 /home/u982083468/domains/intelektbusiness.com/public_html/whai/system/CodeIgniter.php(404): CodeIgniter\CodeIgniter->runController(Object(App\Controllers\Users))
#10 /home/u982083468/domains/intelektbusiness.com/public_html/whai/system/CodeIgniter.php(312): CodeIgniter\CodeIgniter->handleRequest(NULL, Object(Config\Cache), false)
#11 /home/u982083468/domains/intelektbusiness.com/public_html/whai/index.php(45): CodeIgniter\CodeIgniter->run()
#12 {main}
CRITICAL - 2020-08-14 22:30:32 --> Unable to connect to the database.
#0 /home/u982083468/domains/intelektbusiness.com/public_html/whai/system/Database/BaseConnection.php(646): CodeIgniter\Database\BaseConnection->initialize()
#1 /home/u982083468/domains/intelektbusiness.com/public_html/whai/system/Database/BaseBuilder.php(1860): CodeIgniter\Database\BaseConnection->query('SELECT *\nFROM `...', Array, false)
#2 /home/u982083468/domains/intelektbusiness.com/public_html/whai/app/Models/CustomModel.php(22): CodeIgniter\Database\BaseBuilder->get()
#3 /home/u982083468/domains/intelektbusiness.com/public_html/whai/app/validation/UserRules.php(10): App\Models\CustomModel->searchUser(Array)
#4 /home/u982083468/domains/intelektbusiness.com/public_html/whai/system/Validation/Validation.php(325): App\validation\UserRules->validateUser('P@$$w0rd', 'username,passwo...', Array, NULL)
#5 /home/u982083468/domains/intelektbusiness.com/public_html/whai/system/Validation/Validation.php(189): CodeIgniter\Validation\Validation->processRules('password', 'password', 'P@$$w0rd', Array, Array)
#6 /home/u982083468/domains/intelektbusiness.com/public_html/whai/system/Controller.php(219): CodeIgniter\Validation\Validation->run()
#7 /home/u982083468/domains/intelektbusiness.com/public_html/whai/app/Controllers/Users.php(28): CodeIgniter\Controller->validate(Array, Array)
#8 /home/u982083468/domains/intelektbusiness.com/public_html/whai/system/CodeIgniter.php(918): App\Controllers\Users->index()
#9 /home/u982083468/domains/intelektbusiness.com/public_html/whai/system/CodeIgniter.php(404): CodeIgniter\CodeIgniter->runController(Object(App\Controllers\Users))
#10 /home/u982083468/domains/intelektbusiness.com/public_html/whai/system/CodeIgniter.php(312): CodeIgniter\CodeIgniter->handleRequest(NULL, Object(Config\Cache), false)
#11 /home/u982083468/domains/intelektbusiness.com/public_html/whai/index.php(45): CodeIgniter\CodeIgniter->run()
#12 {main}
CRITICAL - 2020-08-14 22:30:39 --> Unable to connect to the database.
#0 /home/u982083468/domains/intelektbusiness.com/public_html/whai/system/Database/BaseConnection.php(646): CodeIgniter\Database\BaseConnection->initialize()
#1 /home/u982083468/domains/intelektbusiness.com/public_html/whai/system/Database/BaseBuilder.php(1860): CodeIgniter\Database\BaseConnection->query('SELECT *\nFROM `...', Array, false)
#2 /home/u982083468/domains/intelektbusiness.com/public_html/whai/app/Models/CustomModel.php(22): CodeIgniter\Database\BaseBuilder->get()
#3 /home/u982083468/domains/intelektbusiness.com/public_html/whai/app/validation/UserRules.php(10): App\Models\CustomModel->searchUser(Array)
#4 /home/u982083468/domains/intelektbusiness.com/public_html/whai/system/Validation/Validation.php(325): App\validation\UserRules->validateUser('P@$$w0rd', 'username,passwo...', Array, NULL)
#5 /home/u982083468/domains/intelektbusiness.com/public_html/whai/system/Validation/Validation.php(189): CodeIgniter\Validation\Validation->processRules('password', 'password', 'P@$$w0rd', Array, Array)
#6 /home/u982083468/domains/intelektbusiness.com/public_html/whai/system/Controller.php(219): CodeIgniter\Validation\Validation->run()
#7 /home/u982083468/domains/intelektbusiness.com/public_html/whai/app/Controllers/Users.php(28): CodeIgniter\Controller->validate(Array, Array)
#8 /home/u982083468/domains/intelektbusiness.com/public_html/whai/system/CodeIgniter.php(918): App\Controllers\Users->index()
#9 /home/u982083468/domains/intelektbusiness.com/public_html/whai/system/CodeIgniter.php(404): CodeIgniter\CodeIgniter->runController(Object(App\Controllers\Users))
#10 /home/u982083468/domains/intelektbusiness.com/public_html/whai/system/CodeIgniter.php(312): CodeIgniter\CodeIgniter->handleRequest(NULL, Object(Config\Cache), false)
#11 /home/u982083468/domains/intelektbusiness.com/public_html/whai/index.php(45): CodeIgniter\CodeIgniter->run()
#12 {main}
CRITICAL - 2020-08-14 22:33:56 --> Unable to connect to the database.
#0 /home/u982083468/domains/intelektbusiness.com/public_html/whai/system/Database/BaseConnection.php(646): CodeIgniter\Database\BaseConnection->initialize()
#1 /home/u982083468/domains/intelektbusiness.com/public_html/whai/system/Database/BaseBuilder.php(1860): CodeIgniter\Database\BaseConnection->query('SELECT *\nFROM `...', Array, false)
#2 /home/u982083468/domains/intelektbusiness.com/public_html/whai/app/Models/CustomModel.php(22): CodeIgniter\Database\BaseBuilder->get()
#3 /home/u982083468/domains/intelektbusiness.com/public_html/whai/app/validation/UserRules.php(10): App\Models\CustomModel->searchUser(Array)
#4 /home/u982083468/domains/intelektbusiness.com/public_html/whai/system/Validation/Validation.php(325): App\validation\UserRules->validateUser('P@$$w0rd', 'username,passwo...', Array, NULL)
#5 /home/u982083468/domains/intelektbusiness.com/public_html/whai/system/Validation/Validation.php(189): CodeIgniter\Validation\Validation->processRules('password', 'password', 'P@$$w0rd', Array, Array)
#6 /home/u982083468/domains/intelektbusiness.com/public_html/whai/system/Controller.php(219): CodeIgniter\Validation\Validation->run()
#7 /home/u982083468/domains/intelektbusiness.com/public_html/whai/app/Controllers/Users.php(28): CodeIgniter\Controller->validate(Array, Array)
#8 /home/u982083468/domains/intelektbusiness.com/public_html/whai/system/CodeIgniter.php(918): App\Controllers\Users->index()
#9 /home/u982083468/domains/intelektbusiness.com/public_html/whai/system/CodeIgniter.php(404): CodeIgniter\CodeIgniter->runController(Object(App\Controllers\Users))
#10 /home/u982083468/domains/intelektbusiness.com/public_html/whai/system/CodeIgniter.php(312): CodeIgniter\CodeIgniter->handleRequest(NULL, Object(Config\Cache), false)
#11 /home/u982083468/domains/intelektbusiness.com/public_html/whai/index.php(45): CodeIgniter\CodeIgniter->run()
#12 {main}
CRITICAL - 2020-08-14 22:34:23 --> Unable to connect to the database.
#0 /home/u982083468/domains/intelektbusiness.com/public_html/whai/system/Database/BaseConnection.php(646): CodeIgniter\Database\BaseConnection->initialize()
#1 /home/u982083468/domains/intelektbusiness.com/public_html/whai/system/Database/BaseBuilder.php(1860): CodeIgniter\Database\BaseConnection->query('SELECT *\nFROM `...', Array, false)
#2 /home/u982083468/domains/intelektbusiness.com/public_html/whai/app/Models/CustomModel.php(22): CodeIgniter\Database\BaseBuilder->get()
#3 /home/u982083468/domains/intelektbusiness.com/public_html/whai/app/validation/UserRules.php(10): App\Models\CustomModel->searchUser(Array)
#4 /home/u982083468/domains/intelektbusiness.com/public_html/whai/system/Validation/Validation.php(325): App\validation\UserRules->validateUser('P@$$w0rd', 'username,passwo...', Array, NULL)
#5 /home/u982083468/domains/intelektbusiness.com/public_html/whai/system/Validation/Validation.php(189): CodeIgniter\Validation\Validation->processRules('password', 'password', 'P@$$w0rd', Array, Array)
#6 /home/u982083468/domains/intelektbusiness.com/public_html/whai/system/Controller.php(219): CodeIgniter\Validation\Validation->run()
#7 /home/u982083468/domains/intelektbusiness.com/public_html/whai/app/Controllers/Users.php(28): CodeIgniter\Controller->validate(Array, Array)
#8 /home/u982083468/domains/intelektbusiness.com/public_html/whai/system/CodeIgniter.php(918): App\Controllers\Users->index()
#9 /home/u982083468/domains/intelektbusiness.com/public_html/whai/system/CodeIgniter.php(404): CodeIgniter\CodeIgniter->runController(Object(App\Controllers\Users))
#10 /home/u982083468/domains/intelektbusiness.com/public_html/whai/system/CodeIgniter.php(312): CodeIgniter\CodeIgniter->handleRequest(NULL, Object(Config\Cache), false)
#11 /home/u982083468/domains/intelektbusiness.com/public_html/whai/index.php(45): CodeIgniter\CodeIgniter->run()
#12 {main}
CRITICAL - 2020-08-14 22:34:44 --> Unable to connect to the database.
#0 /home/u982083468/domains/intelektbusiness.com/public_html/whai/system/Database/BaseConnection.php(646): CodeIgniter\Database\BaseConnection->initialize()
#1 /home/u982083468/domains/intelektbusiness.com/public_html/whai/system/Database/BaseBuilder.php(1860): CodeIgniter\Database\BaseConnection->query('SELECT *\nFROM `...', Array, false)
#2 /home/u982083468/domains/intelektbusiness.com/public_html/whai/app/Models/CustomModel.php(22): CodeIgniter\Database\BaseBuilder->get()
#3 /home/u982083468/domains/intelektbusiness.com/public_html/whai/app/validation/UserRules.php(10): App\Models\CustomModel->searchUser(Array)
#4 /home/u982083468/domains/intelektbusiness.com/public_html/whai/system/Validation/Validation.php(325): App\validation\UserRules->validateUser('P@$$w0rd', 'username,passwo...', Array, NULL)
#5 /home/u982083468/domains/intelektbusiness.com/public_html/whai/system/Validation/Validation.php(189): CodeIgniter\Validation\Validation->processRules('password', 'password', 'P@$$w0rd', Array, Array)
#6 /home/u982083468/domains/intelektbusiness.com/public_html/whai/system/Controller.php(219): CodeIgniter\Validation\Validation->run()
#7 /home/u982083468/domains/intelektbusiness.com/public_html/whai/app/Controllers/Users.php(28): CodeIgniter\Controller->validate(Array, Array)
#8 /home/u982083468/domains/intelektbusiness.com/public_html/whai/system/CodeIgniter.php(918): App\Controllers\Users->index()
#9 /home/u982083468/domains/intelektbusiness.com/public_html/whai/system/CodeIgniter.php(404): CodeIgniter\CodeIgniter->runController(Object(App\Controllers\Users))
#10 /home/u982083468/domains/intelektbusiness.com/public_html/whai/system/CodeIgniter.php(312): CodeIgniter\CodeIgniter->handleRequest(NULL, Object(Config\Cache), false)
#11 /home/u982083468/domains/intelektbusiness.com/public_html/whai/index.php(45): CodeIgniter\CodeIgniter->run()
#12 {main}
CRITICAL - 2020-08-14 22:34:57 --> Unable to connect to the database.
#0 /home/u982083468/domains/intelektbusiness.com/public_html/whai/system/Database/BaseConnection.php(646): CodeIgniter\Database\BaseConnection->initialize()
#1 /home/u982083468/domains/intelektbusiness.com/public_html/whai/system/Database/BaseBuilder.php(1860): CodeIgniter\Database\BaseConnection->query('SELECT *\nFROM `...', Array, false)
#2 /home/u982083468/domains/intelektbusiness.com/public_html/whai/app/Models/CustomModel.php(22): CodeIgniter\Database\BaseBuilder->get()
#3 /home/u982083468/domains/intelektbusiness.com/public_html/whai/app/validation/UserRules.php(10): App\Models\CustomModel->searchUser(Array)
#4 /home/u982083468/domains/intelektbusiness.com/public_html/whai/system/Validation/Validation.php(325): App\validation\UserRules->validateUser('P@$$w0rd', 'username,passwo...', Array, NULL)
#5 /home/u982083468/domains/intelektbusiness.com/public_html/whai/system/Validation/Validation.php(189): CodeIgniter\Validation\Validation->processRules('password', 'password', 'P@$$w0rd', Array, Array)
#6 /home/u982083468/domains/intelektbusiness.com/public_html/whai/system/Controller.php(219): CodeIgniter\Validation\Validation->run()
#7 /home/u982083468/domains/intelektbusiness.com/public_html/whai/app/Controllers/Users.php(28): CodeIgniter\Controller->validate(Array, Array)
#8 /home/u982083468/domains/intelektbusiness.com/public_html/whai/system/CodeIgniter.php(918): App\Controllers\Users->index()
#9 /home/u982083468/domains/intelektbusiness.com/public_html/whai/system/CodeIgniter.php(404): CodeIgniter\CodeIgniter->runController(Object(App\Controllers\Users))
#10 /home/u982083468/domains/intelektbusiness.com/public_html/whai/system/CodeIgniter.php(312): CodeIgniter\CodeIgniter->handleRequest(NULL, Object(Config\Cache), false)
#11 /home/u982083468/domains/intelektbusiness.com/public_html/whai/index.php(45): CodeIgniter\CodeIgniter->run()
#12 {main}
CRITICAL - 2020-08-14 22:36:54 --> Unable to connect to the database.
#0 /home/u982083468/domains/intelektbusiness.com/public_html/whai/system/Database/BaseConnection.php(646): CodeIgniter\Database\BaseConnection->initialize()
#1 /home/u982083468/domains/intelektbusiness.com/public_html/whai/system/Database/BaseBuilder.php(1860): CodeIgniter\Database\BaseConnection->query('SELECT *\nFROM `...', Array, false)
#2 /home/u982083468/domains/intelektbusiness.com/public_html/whai/app/Models/CustomModel.php(22): CodeIgniter\Database\BaseBuilder->get()
#3 /home/u982083468/domains/intelektbusiness.com/public_html/whai/app/validation/UserRules.php(10): App\Models\CustomModel->searchUser(Array)
#4 /home/u982083468/domains/intelektbusiness.com/public_html/whai/system/Validation/Validation.php(325): App\validation\UserRules->validateUser('P@$$w0rd', 'username,passwo...', Array, NULL)
#5 /home/u982083468/domains/intelektbusiness.com/public_html/whai/system/Validation/Validation.php(189): CodeIgniter\Validation\Validation->processRules('password', 'password', 'P@$$w0rd', Array, Array)
#6 /home/u982083468/domains/intelektbusiness.com/public_html/whai/system/Controller.php(219): CodeIgniter\Validation\Validation->run()
#7 /home/u982083468/domains/intelektbusiness.com/public_html/whai/app/Controllers/Users.php(28): CodeIgniter\Controller->validate(Array, Array)
#8 /home/u982083468/domains/intelektbusiness.com/public_html/whai/system/CodeIgniter.php(918): App\Controllers\Users->index()
#9 /home/u982083468/domains/intelektbusiness.com/public_html/whai/system/CodeIgniter.php(404): CodeIgniter\CodeIgniter->runController(Object(App\Controllers\Users))
#10 /home/u982083468/domains/intelektbusiness.com/public_html/whai/system/CodeIgniter.php(312): CodeIgniter\CodeIgniter->handleRequest(NULL, Object(Config\Cache), false)
#11 /home/u982083468/domains/intelektbusiness.com/public_html/whai/index.php(45): CodeIgniter\CodeIgniter->run()
#12 {main}
CRITICAL - 2020-08-14 22:40:25 --> Unable to connect to the database.
#0 /home/u982083468/domains/intelektbusiness.com/public_html/whai/system/Database/BaseConnection.php(646): CodeIgniter\Database\BaseConnection->initialize()
#1 /home/u982083468/domains/intelektbusiness.com/public_html/whai/system/Database/BaseBuilder.php(1860): CodeIgniter\Database\BaseConnection->query('SELECT *\nFROM `...', Array, false)
#2 /home/u982083468/domains/intelektbusiness.com/public_html/whai/app/Models/CustomModel.php(22): CodeIgniter\Database\BaseBuilder->get()
#3 /home/u982083468/domains/intelektbusiness.com/public_html/whai/app/validation/UserRules.php(10): App\Models\CustomModel->searchUser(Array)
#4 /home/u982083468/domains/intelektbusiness.com/public_html/whai/system/Validation/Validation.php(325): App\validation\UserRules->validateUser('P@$$w0rd', 'username,passwo...', Array, NULL)
#5 /home/u982083468/domains/intelektbusiness.com/public_html/whai/system/Validation/Validation.php(189): CodeIgniter\Validation\Validation->processRules('password', 'password', 'P@$$w0rd', Array, Array)
#6 /home/u982083468/domains/intelektbusiness.com/public_html/whai/system/Controller.php(219): CodeIgniter\Validation\Validation->run()
#7 /home/u982083468/domains/intelektbusiness.com/public_html/whai/app/Controllers/Users.php(28): CodeIgniter\Controller->validate(Array, Array)
#8 /home/u982083468/domains/intelektbusiness.com/public_html/whai/system/CodeIgniter.php(918): App\Controllers\Users->index()
#9 /home/u982083468/domains/intelektbusiness.com/public_html/whai/system/CodeIgniter.php(404): CodeIgniter\CodeIgniter->runController(Object(App\Controllers\Users))
#10 /home/u982083468/domains/intelektbusiness.com/public_html/whai/system/CodeIgniter.php(312): CodeIgniter\CodeIgniter->handleRequest(NULL, Object(Config\Cache), false)
#11 /home/u982083468/domains/intelektbusiness.com/public_html/whai/index.php(45): CodeIgniter\CodeIgniter->run()
#12 {main}
CRITICAL - 2020-08-14 22:41:36 --> Unable to connect to the database.
#0 /home/u982083468/domains/intelektbusiness.com/public_html/whai/system/Database/BaseConnection.php(646): CodeIgniter\Database\BaseConnection->initialize()
#1 /home/u982083468/domains/intelektbusiness.com/public_html/whai/system/Database/BaseBuilder.php(1860): CodeIgniter\Database\BaseConnection->query('SELECT *\nFROM `...', Array, false)
#2 /home/u982083468/domains/intelektbusiness.com/public_html/whai/app/Models/CustomModel.php(22): CodeIgniter\Database\BaseBuilder->get()
#3 /home/u982083468/domains/intelektbusiness.com/public_html/whai/app/validation/UserRules.php(10): App\Models\CustomModel->searchUser(Array)
#4 /home/u982083468/domains/intelektbusiness.com/public_html/whai/system/Validation/Validation.php(325): App\validation\UserRules->validateUser('P@$$w0rd', 'username,passwo...', Array, NULL)
#5 /home/u982083468/domains/intelektbusiness.com/public_html/whai/system/Validation/Validation.php(189): CodeIgniter\Validation\Validation->processRules('password', 'password', 'P@$$w0rd', Array, Array)
#6 /home/u982083468/domains/intelektbusiness.com/public_html/whai/system/Controller.php(219): CodeIgniter\Validation\Validation->run()
#7 /home/u982083468/domains/intelektbusiness.com/public_html/whai/app/Controllers/Users.php(28): CodeIgniter\Controller->validate(Array, Array)
#8 /home/u982083468/domains/intelektbusiness.com/public_html/whai/system/CodeIgniter.php(918): App\Controllers\Users->index()
#9 /home/u982083468/domains/intelektbusiness.com/public_html/whai/system/CodeIgniter.php(404): CodeIgniter\CodeIgniter->runController(Object(App\Controllers\Users))
#10 /home/u982083468/domains/intelektbusiness.com/public_html/whai/system/CodeIgniter.php(312): CodeIgniter\CodeIgniter->handleRequest(NULL, Object(Config\Cache), false)
#11 /home/u982083468/domains/intelektbusiness.com/public_html/whai/index.php(45): CodeIgniter\CodeIgniter->run()
#12 {main}
CRITICAL - 2020-08-14 22:42:05 --> Unable to connect to the database.
#0 /home/u982083468/domains/intelektbusiness.com/public_html/whai/system/Database/BaseConnection.php(646): CodeIgniter\Database\BaseConnection->initialize()
#1 /home/u982083468/domains/intelektbusiness.com/public_html/whai/system/Database/BaseBuilder.php(1860): CodeIgniter\Database\BaseConnection->query('SELECT *\nFROM `...', Array, false)
#2 /home/u982083468/domains/intelektbusiness.com/public_html/whai/app/Models/CustomModel.php(22): CodeIgniter\Database\BaseBuilder->get()
#3 /home/u982083468/domains/intelektbusiness.com/public_html/whai/app/validation/UserRules.php(10): App\Models\CustomModel->searchUser(Array)
#4 /home/u982083468/domains/intelektbusiness.com/public_html/whai/system/Validation/Validation.php(325): App\validation\UserRules->validateUser('P@$$w0rd', 'username,passwo...', Array, NULL)
#5 /home/u982083468/domains/intelektbusiness.com/public_html/whai/system/Validation/Validation.php(189): CodeIgniter\Validation\Validation->processRules('password', 'password', 'P@$$w0rd', Array, Array)
#6 /home/u982083468/domains/intelektbusiness.com/public_html/whai/system/Controller.php(219): CodeIgniter\Validation\Validation->run()
#7 /home/u982083468/domains/intelektbusiness.com/public_html/whai/app/Controllers/Users.php(28): CodeIgniter\Controller->validate(Array, Array)
#8 /home/u982083468/domains/intelektbusiness.com/public_html/whai/system/CodeIgniter.php(918): App\Controllers\Users->index()
#9 /home/u982083468/domains/intelektbusiness.com/public_html/whai/system/CodeIgniter.php(404): CodeIgniter\CodeIgniter->runController(Object(App\Controllers\Users))
#10 /home/u982083468/domains/intelektbusiness.com/public_html/whai/system/CodeIgniter.php(312): CodeIgniter\CodeIgniter->handleRequest(NULL, Object(Config\Cache), false)
#11 /home/u982083468/domains/intelektbusiness.com/public_html/whai/index.php(45): CodeIgniter\CodeIgniter->run()
#12 {main}
CRITICAL - 2020-08-14 22:43:31 --> Unable to connect to the database.
#0 /home/u982083468/domains/intelektbusiness.com/public_html/whai/system/Database/BaseConnection.php(646): CodeIgniter\Database\BaseConnection->initialize()
#1 /home/u982083468/domains/intelektbusiness.com/public_html/whai/system/Database/BaseBuilder.php(1860): CodeIgniter\Database\BaseConnection->query('SELECT *\nFROM `...', Array, false)
#2 /home/u982083468/domains/intelektbusiness.com/public_html/whai/app/Models/CustomModel.php(22): CodeIgniter\Database\BaseBuilder->get()
#3 /home/u982083468/domains/intelektbusiness.com/public_html/whai/app/validation/UserRules.php(10): App\Models\CustomModel->searchUser(Array)
#4 /home/u982083468/domains/intelektbusiness.com/public_html/whai/system/Validation/Validation.php(325): App\validation\UserRules->validateUser('P@$$w0rd', 'username,passwo...', Array, NULL)
#5 /home/u982083468/domains/intelektbusiness.com/public_html/whai/system/Validation/Validation.php(189): CodeIgniter\Validation\Validation->processRules('password', 'password', 'P@$$w0rd', Array, Array)
#6 /home/u982083468/domains/intelektbusiness.com/public_html/whai/system/Controller.php(219): CodeIgniter\Validation\Validation->run()
#7 /home/u982083468/domains/intelektbusiness.com/public_html/whai/app/Controllers/Users.php(28): CodeIgniter\Controller->validate(Array, Array)
#8 /home/u982083468/domains/intelektbusiness.com/public_html/whai/system/CodeIgniter.php(918): App\Controllers\Users->index()
#9 /home/u982083468/domains/intelektbusiness.com/public_html/whai/system/CodeIgniter.php(404): CodeIgniter\CodeIgniter->runController(Object(App\Controllers\Users))
#10 /home/u982083468/domains/intelektbusiness.com/public_html/whai/system/CodeIgniter.php(312): CodeIgniter\CodeIgniter->handleRequest(NULL, Object(Config\Cache), false)
#11 /home/u982083468/domains/intelektbusiness.com/public_html/whai/index.php(45): CodeIgniter\CodeIgniter->run()
#12 {main}
CRITICAL - 2020-08-14 22:44:37 --> Unable to connect to the database.
#0 /home/u982083468/domains/intelektbusiness.com/public_html/whai/system/Database/BaseConnection.php(646): CodeIgniter\Database\BaseConnection->initialize()
#1 /home/u982083468/domains/intelektbusiness.com/public_html/whai/system/Database/BaseBuilder.php(1860): CodeIgniter\Database\BaseConnection->query('SELECT *\nFROM `...', Array, false)
#2 /home/u982083468/domains/intelektbusiness.com/public_html/whai/app/Models/CustomModel.php(22): CodeIgniter\Database\BaseBuilder->get()
#3 /home/u982083468/domains/intelektbusiness.com/public_html/whai/app/validation/UserRules.php(10): App\Models\CustomModel->searchUser(Array)
#4 /home/u982083468/domains/intelektbusiness.com/public_html/whai/system/Validation/Validation.php(325): App\validation\UserRules->validateUser('P@$$w0rd', 'username,passwo...', Array, NULL)
#5 /home/u982083468/domains/intelektbusiness.com/public_html/whai/system/Validation/Validation.php(189): CodeIgniter\Validation\Validation->processRules('password', 'password', 'P@$$w0rd', Array, Array)
#6 /home/u982083468/domains/intelektbusiness.com/public_html/whai/system/Controller.php(219): CodeIgniter\Validation\Validation->run()
#7 /home/u982083468/domains/intelektbusiness.com/public_html/whai/app/Controllers/Users.php(28): CodeIgniter\Controller->validate(Array, Array)
#8 /home/u982083468/domains/intelektbusiness.com/public_html/whai/system/CodeIgniter.php(918): App\Controllers\Users->index()
#9 /home/u982083468/domains/intelektbusiness.com/public_html/whai/system/CodeIgniter.php(404): CodeIgniter\CodeIgniter->runController(Object(App\Controllers\Users))
#10 /home/u982083468/domains/intelektbusiness.com/public_html/whai/system/CodeIgniter.php(312): CodeIgniter\CodeIgniter->handleRequest(NULL, Object(Config\Cache), false)
#11 /home/u982083468/domains/intelektbusiness.com/public_html/whai/index.php(45): CodeIgniter\CodeIgniter->run()
#12 {main}
CRITICAL - 2020-08-14 22:44:51 --> Unable to connect to the database.
#0 /home/u982083468/domains/intelektbusiness.com/public_html/whai/system/Database/BaseConnection.php(646): CodeIgniter\Database\BaseConnection->initialize()
#1 /home/u982083468/domains/intelektbusiness.com/public_html/whai/system/Database/BaseBuilder.php(1860): CodeIgniter\Database\BaseConnection->query('SELECT *\nFROM `...', Array, false)
#2 /home/u982083468/domains/intelektbusiness.com/public_html/whai/app/Models/CustomModel.php(22): CodeIgniter\Database\BaseBuilder->get()
#3 /home/u982083468/domains/intelektbusiness.com/public_html/whai/app/validation/UserRules.php(10): App\Models\CustomModel->searchUser(Array)
#4 /home/u982083468/domains/intelektbusiness.com/public_html/whai/system/Validation/Validation.php(325): App\validation\UserRules->validateUser('P@$$w0rd', 'username,passwo...', Array, NULL)
#5 /home/u982083468/domains/intelektbusiness.com/public_html/whai/system/Validation/Validation.php(189): CodeIgniter\Validation\Validation->processRules('password', 'password', 'P@$$w0rd', Array, Array)
#6 /home/u982083468/domains/intelektbusiness.com/public_html/whai/system/Controller.php(219): CodeIgniter\Validation\Validation->run()
#7 /home/u982083468/domains/intelektbusiness.com/public_html/whai/app/Controllers/Users.php(28): CodeIgniter\Controller->validate(Array, Array)
#8 /home/u982083468/domains/intelektbusiness.com/public_html/whai/system/CodeIgniter.php(918): App\Controllers\Users->index()
#9 /home/u982083468/domains/intelektbusiness.com/public_html/whai/system/CodeIgniter.php(404): CodeIgniter\CodeIgniter->runController(Object(App\Controllers\Users))
#10 /home/u982083468/domains/intelektbusiness.com/public_html/whai/system/CodeIgniter.php(312): CodeIgniter\CodeIgniter->handleRequest(NULL, Object(Config\Cache), false)
#11 /home/u982083468/domains/intelektbusiness.com/public_html/whai/index.php(45): CodeIgniter\CodeIgniter->run()
#12 {main}
CRITICAL - 2020-08-14 22:47:58 --> Unable to connect to the database.
#0 /home/u982083468/domains/intelektbusiness.com/public_html/whai/system/Database/BaseConnection.php(646): CodeIgniter\Database\BaseConnection->initialize()
#1 /home/u982083468/domains/intelektbusiness.com/public_html/whai/system/Database/BaseBuilder.php(1860): CodeIgniter\Database\BaseConnection->query('SELECT *\nFROM `...', Array, false)
#2 /home/u982083468/domains/intelektbusiness.com/public_html/whai/app/Models/CustomModel.php(22): CodeIgniter\Database\BaseBuilder->get()
#3 /home/u982083468/domains/intelektbusiness.com/public_html/whai/app/validation/UserRules.php(10): App\Models\CustomModel->searchUser(Array)
#4 /home/u982083468/domains/intelektbusiness.com/public_html/whai/system/Validation/Validation.php(325): App\validation\UserRules->validateUser('P@$$w0rd', 'username,passwo...', Array, NULL)
#5 /home/u982083468/domains/intelektbusiness.com/public_html/whai/system/Validation/Validation.php(189): CodeIgniter\Validation\Validation->processRules('password', 'password', 'P@$$w0rd', Array, Array)
#6 /home/u982083468/domains/intelektbusiness.com/public_html/whai/system/Controller.php(219): CodeIgniter\Validation\Validation->run()
#7 /home/u982083468/domains/intelektbusiness.com/public_html/whai/app/Controllers/Users.php(28): CodeIgniter\Controller->validate(Array, Array)
#8 /home/u982083468/domains/intelektbusiness.com/public_html/whai/system/CodeIgniter.php(918): App\Controllers\Users->index()
#9 /home/u982083468/domains/intelektbusiness.com/public_html/whai/system/CodeIgniter.php(404): CodeIgniter\CodeIgniter->runController(Object(App\Controllers\Users))
#10 /home/u982083468/domains/intelektbusiness.com/public_html/whai/system/CodeIgniter.php(312): CodeIgniter\CodeIgniter->handleRequest(NULL, Object(Config\Cache), false)
#11 /home/u982083468/domains/intelektbusiness.com/public_html/whai/index.php(45): CodeIgniter\CodeIgniter->run()
#12 {main}
CRITICAL - 2020-08-14 22:51:21 --> Unable to connect to the database.
#0 /home/u982083468/domains/intelektbusiness.com/public_html/whai/system/Database/BaseConnection.php(646): CodeIgniter\Database\BaseConnection->initialize()
#1 /home/u982083468/domains/intelektbusiness.com/public_html/whai/system/Database/BaseBuilder.php(1860): CodeIgniter\Database\BaseConnection->query('SELECT *\nFROM `...', Array, false)
#2 /home/u982083468/domains/intelektbusiness.com/public_html/whai/app/Models/CustomModel.php(22): CodeIgniter\Database\BaseBuilder->get()
#3 /home/u982083468/domains/intelektbusiness.com/public_html/whai/app/validation/UserRules.php(10): App\Models\CustomModel->searchUser(Array)
#4 /home/u982083468/domains/intelektbusiness.com/public_html/whai/system/Validation/Validation.php(325): App\validation\UserRules->validateUser('P@$$w0rd', 'username,passwo...', Array, NULL)
#5 /home/u982083468/domains/intelektbusiness.com/public_html/whai/system/Validation/Validation.php(189): CodeIgniter\Validation\Validation->processRules('password', 'password', 'P@$$w0rd', Array, Array)
#6 /home/u982083468/domains/intelektbusiness.com/public_html/whai/system/Controller.php(219): CodeIgniter\Validation\Validation->run()
#7 /home/u982083468/domains/intelektbusiness.com/public_html/whai/app/Controllers/Users.php(28): CodeIgniter\Controller->validate(Array, Array)
#8 /home/u982083468/domains/intelektbusiness.com/public_html/whai/system/CodeIgniter.php(918): App\Controllers\Users->index()
#9 /home/u982083468/domains/intelektbusiness.com/public_html/whai/system/CodeIgniter.php(404): CodeIgniter\CodeIgniter->runController(Object(App\Controllers\Users))
#10 /home/u982083468/domains/intelektbusiness.com/public_html/whai/system/CodeIgniter.php(312): CodeIgniter\CodeIgniter->handleRequest(NULL, Object(Config\Cache), false)
#11 /home/u982083468/domains/intelektbusiness.com/public_html/whai/index.php(45): CodeIgniter\CodeIgniter->run()
#12 {main}
CRITICAL - 2020-08-14 22:51:51 --> Unable to connect to the database.
#0 /home/u982083468/domains/intelektbusiness.com/public_html/whai/system/Database/BaseConnection.php(646): CodeIgniter\Database\BaseConnection->initialize()
#1 /home/u982083468/domains/intelektbusiness.com/public_html/whai/system/Database/BaseBuilder.php(1860): CodeIgniter\Database\BaseConnection->query('SELECT *\nFROM `...', Array, false)
#2 /home/u982083468/domains/intelektbusiness.com/public_html/whai/app/Models/CustomModel.php(22): CodeIgniter\Database\BaseBuilder->get()
#3 /home/u982083468/domains/intelektbusiness.com/public_html/whai/app/validation/UserRules.php(10): App\Models\CustomModel->searchUser(Array)
#4 /home/u982083468/domains/intelektbusiness.com/public_html/whai/system/Validation/Validation.php(325): App\validation\UserRules->validateUser('P@$$w0rd', 'username,passwo...', Array, NULL)
#5 /home/u982083468/domains/intelektbusiness.com/public_html/whai/system/Validation/Validation.php(189): CodeIgniter\Validation\Validation->processRules('password', 'password', 'P@$$w0rd', Array, Array)
#6 /home/u982083468/domains/intelektbusiness.com/public_html/whai/system/Controller.php(219): CodeIgniter\Validation\Validation->run()
#7 /home/u982083468/domains/intelektbusiness.com/public_html/whai/app/Controllers/Users.php(28): CodeIgniter\Controller->validate(Array, Array)
#8 /home/u982083468/domains/intelektbusiness.com/public_html/whai/system/CodeIgniter.php(918): App\Controllers\Users->index()
#9 /home/u982083468/domains/intelektbusiness.com/public_html/whai/system/CodeIgniter.php(404): CodeIgniter\CodeIgniter->runController(Object(App\Controllers\Users))
#10 /home/u982083468/domains/intelektbusiness.com/public_html/whai/system/CodeIgniter.php(312): CodeIgniter\CodeIgniter->handleRequest(NULL, Object(Config\Cache), false)
#11 /home/u982083468/domains/intelektbusiness.com/public_html/whai/index.php(45): CodeIgniter\CodeIgniter->run()
#12 {main}
CRITICAL - 2020-08-14 22:53:12 --> Unable to connect to the database.
#0 /home/u982083468/domains/intelektbusiness.com/public_html/whai/system/Database/BaseConnection.php(646): CodeIgniter\Database\BaseConnection->initialize()
#1 /home/u982083468/domains/intelektbusiness.com/public_html/whai/system/Database/BaseBuilder.php(1860): CodeIgniter\Database\BaseConnection->query('SELECT *\nFROM `...', Array, false)
#2 /home/u982083468/domains/intelektbusiness.com/public_html/whai/app/Models/CustomModel.php(22): CodeIgniter\Database\BaseBuilder->get()
#3 /home/u982083468/domains/intelektbusiness.com/public_html/whai/app/validation/UserRules.php(10): App\Models\CustomModel->searchUser(Array)
#4 /home/u982083468/domains/intelektbusiness.com/public_html/whai/system/Validation/Validation.php(325): App\validation\UserRules->validateUser('P@$$w0rd', 'username,passwo...', Array, NULL)
#5 /home/u982083468/domains/intelektbusiness.com/public_html/whai/system/Validation/Validation.php(189): CodeIgniter\Validation\Validation->processRules('password', 'password', 'P@$$w0rd', Array, Array)
#6 /home/u982083468/domains/intelektbusiness.com/public_html/whai/system/Controller.php(219): CodeIgniter\Validation\Validation->run()
#7 /home/u982083468/domains/intelektbusiness.com/public_html/whai/app/Controllers/Users.php(28): CodeIgniter\Controller->validate(Array, Array)
#8 /home/u982083468/domains/intelektbusiness.com/public_html/whai/system/CodeIgniter.php(918): App\Controllers\Users->index()
#9 /home/u982083468/domains/intelektbusiness.com/public_html/whai/system/CodeIgniter.php(404): CodeIgniter\CodeIgniter->runController(Object(App\Controllers\Users))
#10 /home/u982083468/domains/intelektbusiness.com/public_html/whai/system/CodeIgniter.php(312): CodeIgniter\CodeIgniter->handleRequest(NULL, Object(Config\Cache), false)
#11 /home/u982083468/domains/intelektbusiness.com/public_html/whai/index.php(45): CodeIgniter\CodeIgniter->run()
#12 {main}
CRITICAL - 2020-08-14 23:08:42 --> syntax error, unexpected ','
#0 /home/u982083468/domains/intelektbusiness.com/public_html/whai/system/Autoloader/Autoloader.php(296): CodeIgniter\Autoloader\Autoloader->requireFile('/home/u98208346...')
#1 /home/u982083468/domains/intelektbusiness.com/public_html/whai/system/Autoloader/Autoloader.php(258): CodeIgniter\Autoloader\Autoloader->loadInNamespace('Config\\Database')
#2 [internal function]: CodeIgniter\Autoloader\Autoloader->loadClass('Config\\Database')
#3 /home/u982083468/domains/intelektbusiness.com/public_html/whai/system/Debug/Toolbar/Collectors/Database.php(100): spl_autoload_call('Config\\Database')
#4 /home/u982083468/domains/intelektbusiness.com/public_html/whai/system/Debug/Toolbar.php(96): CodeIgniter\Debug\Toolbar\Collectors\Database->__construct()
#5 /home/u982083468/domains/intelektbusiness.com/public_html/whai/system/Config/Services.php(856): CodeIgniter\Debug\Toolbar->__construct(Object(Config\Toolbar))
#6 /home/u982083468/domains/intelektbusiness.com/public_html/whai/system/Config/BaseService.php(123): CodeIgniter\Config\Services::toolbar(Object(Config\Toolbar), false)
#7 /home/u982083468/domains/intelektbusiness.com/public_html/whai/system/Config/Services.php(848): CodeIgniter\Config\BaseService::getSharedInstance('toolbar', NULL)
#8 /home/u982083468/domains/intelektbusiness.com/public_html/whai/app/Config/Events.php(50): CodeIgniter\Config\Services::toolbar()
#9 [internal function]: CodeIgniter\Events\Events::Config\{closure}()
#10 /home/u982083468/domains/intelektbusiness.com/public_html/whai/system/Events/Events.php(188): call_user_func(Object(Closure))
#11 /home/u982083468/domains/intelektbusiness.com/public_html/whai/system/CodeIgniter.php(293): CodeIgniter\Events\Events::trigger('pre_system')
#12 /home/u982083468/domains/intelektbusiness.com/public_html/whai/index.php(45): CodeIgniter\CodeIgniter->run()
#13 {main}
CRITICAL - 2020-08-14 23:08:45 --> syntax error, unexpected ','
#0 /home/u982083468/domains/intelektbusiness.com/public_html/whai/system/Autoloader/Autoloader.php(296): CodeIgniter\Autoloader\Autoloader->requireFile('/home/u98208346...')
#1 /home/u982083468/domains/intelektbusiness.com/public_html/whai/system/Autoloader/Autoloader.php(258): CodeIgniter\Autoloader\Autoloader->loadInNamespace('Config\\Database')
#2 [internal function]: CodeIgniter\Autoloader\Autoloader->loadClass('Config\\Database')
#3 /home/u982083468/domains/intelektbusiness.com/public_html/whai/system/Debug/Toolbar/Collectors/Database.php(100): spl_autoload_call('Config\\Database')
#4 /home/u982083468/domains/intelektbusiness.com/public_html/whai/system/Debug/Toolbar.php(96): CodeIgniter\Debug\Toolbar\Collectors\Database->__construct()
#5 /home/u982083468/domains/intelektbusiness.com/public_html/whai/system/Config/Services.php(856): CodeIgniter\Debug\Toolbar->__construct(Object(Config\Toolbar))
#6 /home/u982083468/domains/intelektbusiness.com/public_html/whai/system/Config/BaseService.php(123): CodeIgniter\Config\Services::toolbar(Object(Config\Toolbar), false)
#7 /home/u982083468/domains/intelektbusiness.com/public_html/whai/system/Config/Services.php(848): CodeIgniter\Config\BaseService::getSharedInstance('toolbar', NULL)
#8 /home/u982083468/domains/intelektbusiness.com/public_html/whai/app/Config/Events.php(50): CodeIgniter\Config\Services::toolbar()
#9 [internal function]: CodeIgniter\Events\Events::Config\{closure}()
#10 /home/u982083468/domains/intelektbusiness.com/public_html/whai/system/Events/Events.php(188): call_user_func(Object(Closure))
#11 /home/u982083468/domains/intelektbusiness.com/public_html/whai/system/CodeIgniter.php(293): CodeIgniter\Events\Events::trigger('pre_system')
#12 /home/u982083468/domains/intelektbusiness.com/public_html/whai/index.php(45): CodeIgniter\CodeIgniter->run()
#13 {main}
CRITICAL - 2020-08-14 23:09:02 --> syntax error, unexpected ']'
#0 /home/u982083468/domains/intelektbusiness.com/public_html/whai/system/Autoloader/Autoloader.php(296): CodeIgniter\Autoloader\Autoloader->requireFile('/home/u98208346...')
#1 /home/u982083468/domains/intelektbusiness.com/public_html/whai/system/Autoloader/Autoloader.php(258): CodeIgniter\Autoloader\Autoloader->loadInNamespace('Config\\Database')
#2 [internal function]: CodeIgniter\Autoloader\Autoloader->loadClass('Config\\Database')
#3 /home/u982083468/domains/intelektbusiness.com/public_html/whai/system/Debug/Toolbar/Collectors/Database.php(100): spl_autoload_call('Config\\Database')
#4 /home/u982083468/domains/intelektbusiness.com/public_html/whai/system/Debug/Toolbar.php(96): CodeIgniter\Debug\Toolbar\Collectors\Database->__construct()
#5 /home/u982083468/domains/intelektbusiness.com/public_html/whai/system/Config/Services.php(856): CodeIgniter\Debug\Toolbar->__construct(Object(Config\Toolbar))
#6 /home/u982083468/domains/intelektbusiness.com/public_html/whai/system/Config/BaseService.php(123): CodeIgniter\Config\Services::toolbar(Object(Config\Toolbar), false)
#7 /home/u982083468/domains/intelektbusiness.com/public_html/whai/system/Config/Services.php(848): CodeIgniter\Config\BaseService::getSharedInstance('toolbar', NULL)
#8 /home/u982083468/domains/intelektbusiness.com/public_html/whai/app/Config/Events.php(50): CodeIgniter\Config\Services::toolbar()
#9 [internal function]: CodeIgniter\Events\Events::Config\{closure}()
#10 /home/u982083468/domains/intelektbusiness.com/public_html/whai/system/Events/Events.php(188): call_user_func(Object(Closure))
#11 /home/u982083468/domains/intelektbusiness.com/public_html/whai/system/CodeIgniter.php(293): CodeIgniter\Events\Events::trigger('pre_system')
#12 /home/u982083468/domains/intelektbusiness.com/public_html/whai/index.php(45): CodeIgniter\CodeIgniter->run()
#13 {main}
CRITICAL - 2020-08-14 23:10:05 --> Unable to connect to the database.
#0 /home/u982083468/domains/intelektbusiness.com/public_html/whai/system/Database/BaseConnection.php(646): CodeIgniter\Database\BaseConnection->initialize()
#1 /home/u982083468/domains/intelektbusiness.com/public_html/whai/system/Database/BaseBuilder.php(1860): CodeIgniter\Database\BaseConnection->query('SELECT *\nFROM `...', Array, false)
#2 /home/u982083468/domains/intelektbusiness.com/public_html/whai/app/Models/CustomModel.php(22): CodeIgniter\Database\BaseBuilder->get()
#3 /home/u982083468/domains/intelektbusiness.com/public_html/whai/app/validation/UserRules.php(10): App\Models\CustomModel->searchUser(Array)
#4 /home/u982083468/domains/intelektbusiness.com/public_html/whai/system/Validation/Validation.php(325): App\validation\UserRules->validateUser('P@$$w0rd', 'username,passwo...', Array, NULL)
#5 /home/u982083468/domains/intelektbusiness.com/public_html/whai/system/Validation/Validation.php(189): CodeIgniter\Validation\Validation->processRules('password', 'password', 'P@$$w0rd', Array, Array)
#6 /home/u982083468/domains/intelektbusiness.com/public_html/whai/system/Controller.php(219): CodeIgniter\Validation\Validation->run()
#7 /home/u982083468/domains/intelektbusiness.com/public_html/whai/app/Controllers/Users.php(28): CodeIgniter\Controller->validate(Array, Array)
#8 /home/u982083468/domains/intelektbusiness.com/public_html/whai/system/CodeIgniter.php(918): App\Controllers\Users->index()
#9 /home/u982083468/domains/intelektbusiness.com/public_html/whai/system/CodeIgniter.php(404): CodeIgniter\CodeIgniter->runController(Object(App\Controllers\Users))
#10 /home/u982083468/domains/intelektbusiness.com/public_html/whai/system/CodeIgniter.php(312): CodeIgniter\CodeIgniter->handleRequest(NULL, Object(Config\Cache), false)
#11 /home/u982083468/domains/intelektbusiness.com/public_html/whai/index.php(45): CodeIgniter\CodeIgniter->run()
#12 {main}
CRITICAL - 2020-08-14 23:12:08 --> Unable to connect to the database.
#0 /home/u982083468/domains/intelektbusiness.com/public_html/whai/system/Database/BaseConnection.php(646): CodeIgniter\Database\BaseConnection->initialize()
#1 /home/u982083468/domains/intelektbusiness.com/public_html/whai/system/Database/BaseBuilder.php(1860): CodeIgniter\Database\BaseConnection->query('SELECT *\nFROM `...', Array, false)
#2 /home/u982083468/domains/intelektbusiness.com/public_html/whai/app/Models/CustomModel.php(22): CodeIgniter\Database\BaseBuilder->get()
#3 /home/u982083468/domains/intelektbusiness.com/public_html/whai/app/validation/UserRules.php(10): App\Models\CustomModel->searchUser(Array)
#4 /home/u982083468/domains/intelektbusiness.com/public_html/whai/system/Validation/Validation.php(325): App\validation\UserRules->validateUser('P@$$w0rd', 'username,passwo...', Array, NULL)
#5 /home/u982083468/domains/intelektbusiness.com/public_html/whai/system/Validation/Validation.php(189): CodeIgniter\Validation\Validation->processRules('password', 'password', 'P@$$w0rd', Array, Array)
#6 /home/u982083468/domains/intelektbusiness.com/public_html/whai/system/Controller.php(219): CodeIgniter\Validation\Validation->run()
#7 /home/u982083468/domains/intelektbusiness.com/public_html/whai/app/Controllers/Users.php(28): CodeIgniter\Controller->validate(Array, Array)
#8 /home/u982083468/domains/intelektbusiness.com/public_html/whai/system/CodeIgniter.php(918): App\Controllers\Users->index()
#9 /home/u982083468/domains/intelektbusiness.com/public_html/whai/system/CodeIgniter.php(404): CodeIgniter\CodeIgniter->runController(Object(App\Controllers\Users))
#10 /home/u982083468/domains/intelektbusiness.com/public_html/whai/system/CodeIgniter.php(312): CodeIgniter\CodeIgniter->handleRequest(NULL, Object(Config\Cache), false)
#11 /home/u982083468/domains/intelektbusiness.com/public_html/whai/index.php(45): CodeIgniter\CodeIgniter->run()
#12 {main}
CRITICAL - 2020-08-14 23:12:57 --> Unable to connect to the database.
#0 /home/u982083468/domains/intelektbusiness.com/public_html/whai/system/Database/BaseConnection.php(646): CodeIgniter\Database\BaseConnection->initialize()
#1 /home/u982083468/domains/intelektbusiness.com/public_html/whai/system/Database/BaseBuilder.php(1860): CodeIgniter\Database\BaseConnection->query('SELECT *\nFROM `...', Array, false)
#2 /home/u982083468/domains/intelektbusiness.com/public_html/whai/app/Models/CustomModel.php(22): CodeIgniter\Database\BaseBuilder->get()
#3 /home/u982083468/domains/intelektbusiness.com/public_html/whai/app/validation/UserRules.php(10): App\Models\CustomModel->searchUser(Array)
#4 /home/u982083468/domains/intelektbusiness.com/public_html/whai/system/Validation/Validation.php(325): App\validation\UserRules->validateUser('P@$$w0rd', 'username,passwo...', Array, NULL)
#5 /home/u982083468/domains/intelektbusiness.com/public_html/whai/system/Validation/Validation.php(189): CodeIgniter\Validation\Validation->processRules('password', 'password', 'P@$$w0rd', Array, Array)
#6 /home/u982083468/domains/intelektbusiness.com/public_html/whai/system/Controller.php(219): CodeIgniter\Validation\Validation->run()
#7 /home/u982083468/domains/intelektbusiness.com/public_html/whai/app/Controllers/Users.php(28): CodeIgniter\Controller->validate(Array, Array)
#8 /home/u982083468/domains/intelektbusiness.com/public_html/whai/system/CodeIgniter.php(918): App\Controllers\Users->index()
#9 /home/u982083468/domains/intelektbusiness.com/public_html/whai/system/CodeIgniter.php(404): CodeIgniter\CodeIgniter->runController(Object(App\Controllers\Users))
#10 /home/u982083468/domains/intelektbusiness.com/public_html/whai/system/CodeIgniter.php(312): CodeIgniter\CodeIgniter->handleRequest(NULL, Object(Config\Cache), false)
#11 /home/u982083468/domains/intelektbusiness.com/public_html/whai/index.php(45): CodeIgniter\CodeIgniter->run()
#12 {main}
CRITICAL - 2020-08-14 23:14:13 --> Unable to connect to the database.
#0 /home/u982083468/domains/intelektbusiness.com/public_html/whai/system/Database/BaseConnection.php(646): CodeIgniter\Database\BaseConnection->initialize()
#1 /home/u982083468/domains/intelektbusiness.com/public_html/whai/system/Database/BaseBuilder.php(1860): CodeIgniter\Database\BaseConnection->query('SELECT *\nFROM `...', Array, false)
#2 /home/u982083468/domains/intelektbusiness.com/public_html/whai/app/Models/CustomModel.php(22): CodeIgniter\Database\BaseBuilder->get()
#3 /home/u982083468/domains/intelektbusiness.com/public_html/whai/app/validation/UserRules.php(10): App\Models\CustomModel->searchUser(Array)
#4 /home/u982083468/domains/intelektbusiness.com/public_html/whai/system/Validation/Validation.php(325): App\validation\UserRules->validateUser('P@$$w0rd', 'username,passwo...', Array, NULL)
#5 /home/u982083468/domains/intelektbusiness.com/public_html/whai/system/Validation/Validation.php(189): CodeIgniter\Validation\Validation->processRules('password', 'password', 'P@$$w0rd', Array, Array)
#6 /home/u982083468/domains/intelektbusiness.com/public_html/whai/system/Controller.php(219): CodeIgniter\Validation\Validation->run()
#7 /home/u982083468/domains/intelektbusiness.com/public_html/whai/app/Controllers/Users.php(28): CodeIgniter\Controller->validate(Array, Array)
#8 /home/u982083468/domains/intelektbusiness.com/public_html/whai/system/CodeIgniter.php(918): App\Controllers\Users->index()
#9 /home/u982083468/domains/intelektbusiness.com/public_html/whai/system/CodeIgniter.php(404): CodeIgniter\CodeIgniter->runController(Object(App\Controllers\Users))
#10 /home/u982083468/domains/intelektbusiness.com/public_html/whai/system/CodeIgniter.php(312): CodeIgniter\CodeIgniter->handleRequest(NULL, Object(Config\Cache), false)
#11 /home/u982083468/domains/intelektbusiness.com/public_html/whai/index.php(45): CodeIgniter\CodeIgniter->run()
#12 {main}
CRITICAL - 2020-08-14 23:18:41 --> Unable to connect to the database.
#0 /home/u982083468/domains/intelektbusiness.com/public_html/whai/system/Database/BaseConnection.php(646): CodeIgniter\Database\BaseConnection->initialize()
#1 /home/u982083468/domains/intelektbusiness.com/public_html/whai/system/Database/BaseBuilder.php(1860): CodeIgniter\Database\BaseConnection->query('SELECT *\nFROM `...', Array, false)
#2 /home/u982083468/domains/intelektbusiness.com/public_html/whai/app/Models/CustomModel.php(22): CodeIgniter\Database\BaseBuilder->get()
#3 /home/u982083468/domains/intelektbusiness.com/public_html/whai/app/validation/UserRules.php(10): App\Models\CustomModel->searchUser(Array)
#4 /home/u982083468/domains/intelektbusiness.com/public_html/whai/system/Validation/Validation.php(325): App\validation\UserRules->validateUser('11111111', 'username,passwo...', Array, NULL)
#5 /home/u982083468/domains/intelektbusiness.com/public_html/whai/system/Validation/Validation.php(189): CodeIgniter\Validation\Validation->processRules('password', 'password', '11111111', Array, Array)
#6 /home/u982083468/domains/intelektbusiness.com/public_html/whai/system/Controller.php(219): CodeIgniter\Validation\Validation->run()
#7 /home/u982083468/domains/intelektbusiness.com/public_html/whai/app/Controllers/Users.php(28): CodeIgniter\Controller->validate(Array, Array)
#8 /home/u982083468/domains/intelektbusiness.com/public_html/whai/system/CodeIgniter.php(918): App\Controllers\Users->index()
#9 /home/u982083468/domains/intelektbusiness.com/public_html/whai/system/CodeIgniter.php(404): CodeIgniter\CodeIgniter->runController(Object(App\Controllers\Users))
#10 /home/u982083468/domains/intelektbusiness.com/public_html/whai/system/CodeIgniter.php(312): CodeIgniter\CodeIgniter->handleRequest(NULL, Object(Config\Cache), false)
#11 /home/u982083468/domains/intelektbusiness.com/public_html/whai/index.php(45): CodeIgniter\CodeIgniter->run()
#12 {main}
CRITICAL - 2020-08-14 23:19:39 --> Unable to connect to the database.
#0 /home/u982083468/domains/intelektbusiness.com/public_html/whai/system/Database/BaseConnection.php(646): CodeIgniter\Database\BaseConnection->initialize()
#1 /home/u982083468/domains/intelektbusiness.com/public_html/whai/system/Database/BaseBuilder.php(1860): CodeIgniter\Database\BaseConnection->query('SELECT *\nFROM `...', Array, false)
#2 /home/u982083468/domains/intelektbusiness.com/public_html/whai/app/Models/CustomModel.php(22): CodeIgniter\Database\BaseBuilder->get()
#3 /home/u982083468/domains/intelektbusiness.com/public_html/whai/app/validation/UserRules.php(10): App\Models\CustomModel->searchUser(Array)
#4 /home/u982083468/domains/intelektbusiness.com/public_html/whai/system/Validation/Validation.php(325): App\validation\UserRules->validateUser('11111111', 'username,passwo...', Array, NULL)
#5 /home/u982083468/domains/intelektbusiness.com/public_html/whai/system/Validation/Validation.php(189): CodeIgniter\Validation\Validation->processRules('password', 'password', '11111111', Array, Array)
#6 /home/u982083468/domains/intelektbusiness.com/public_html/whai/system/Controller.php(219): CodeIgniter\Validation\Validation->run()
#7 /home/u982083468/domains/intelektbusiness.com/public_html/whai/app/Controllers/Users.php(28): CodeIgniter\Controller->validate(Array, Array)
#8 /home/u982083468/domains/intelektbusiness.com/public_html/whai/system/CodeIgniter.php(918): App\Controllers\Users->index()
#9 /home/u982083468/domains/intelektbusiness.com/public_html/whai/system/CodeIgniter.php(404): CodeIgniter\CodeIgniter->runController(Object(App\Controllers\Users))
#10 /home/u982083468/domains/intelektbusiness.com/public_html/whai/system/CodeIgniter.php(312): CodeIgniter\CodeIgniter->handleRequest(NULL, Object(Config\Cache), false)
#11 /home/u982083468/domains/intelektbusiness.com/public_html/whai/index.php(45): CodeIgniter\CodeIgniter->run()
#12 {main}
CRITICAL - 2020-08-14 23:20:59 --> Unable to connect to the database.
#0 /home/u982083468/domains/intelektbusiness.com/public_html/whai/system/Database/BaseConnection.php(646): CodeIgniter\Database\BaseConnection->initialize()
#1 /home/u982083468/domains/intelektbusiness.com/public_html/whai/system/Database/BaseBuilder.php(1860): CodeIgniter\Database\BaseConnection->query('SELECT *\nFROM `...', Array, false)
#2 /home/u982083468/domains/intelektbusiness.com/public_html/whai/app/Models/CustomModel.php(22): CodeIgniter\Database\BaseBuilder->get()
#3 /home/u982083468/domains/intelektbusiness.com/public_html/whai/app/validation/UserRules.php(10): App\Models\CustomModel->searchUser(Array)
#4 /home/u982083468/domains/intelektbusiness.com/public_html/whai/system/Validation/Validation.php(325): App\validation\UserRules->validateUser('11111111', 'username,passwo...', Array, NULL)
#5 /home/u982083468/domains/intelektbusiness.com/public_html/whai/system/Validation/Validation.php(189): CodeIgniter\Validation\Validation->processRules('password', 'password', '11111111', Array, Array)
#6 /home/u982083468/domains/intelektbusiness.com/public_html/whai/system/Controller.php(219): CodeIgniter\Validation\Validation->run()
#7 /home/u982083468/domains/intelektbusiness.com/public_html/whai/app/Controllers/Users.php(28): CodeIgniter\Controller->validate(Array, Array)
#8 /home/u982083468/domains/intelektbusiness.com/public_html/whai/system/CodeIgniter.php(918): App\Controllers\Users->index()
#9 /home/u982083468/domains/intelektbusiness.com/public_html/whai/system/CodeIgniter.php(404): CodeIgniter\CodeIgniter->runController(Object(App\Controllers\Users))
#10 /home/u982083468/domains/intelektbusiness.com/public_html/whai/system/CodeIgniter.php(312): CodeIgniter\CodeIgniter->handleRequest(NULL, Object(Config\Cache), false)
#11 /home/u982083468/domains/intelektbusiness.com/public_html/whai/index.php(45): CodeIgniter\CodeIgniter->run()
#12 {main}
CRITICAL - 2020-08-14 23:26:27 --> Unable to connect to the database.
#0 /home/u982083468/domains/intelektbusiness.com/public_html/whai/system/Database/BaseConnection.php(646): CodeIgniter\Database\BaseConnection->initialize()
#1 /home/u982083468/domains/intelektbusiness.com/public_html/whai/system/Database/BaseBuilder.php(1860): CodeIgniter\Database\BaseConnection->query('SELECT *\nFROM `...', Array, false)
#2 /home/u982083468/domains/intelektbusiness.com/public_html/whai/app/Models/CustomModel.php(22): CodeIgniter\Database\BaseBuilder->get()
#3 /home/u982083468/domains/intelektbusiness.com/public_html/whai/app/validation/UserRules.php(10): App\Models\CustomModel->searchUser(Array)
#4 /home/u982083468/domains/intelektbusiness.com/public_html/whai/system/Validation/Validation.php(325): App\validation\UserRules->validateUser('11111111', 'username,passwo...', Array, NULL)
#5 /home/u982083468/domains/intelektbusiness.com/public_html/whai/system/Validation/Validation.php(189): CodeIgniter\Validation\Validation->processRules('password', 'password', '11111111', Array, Array)
#6 /home/u982083468/domains/intelektbusiness.com/public_html/whai/system/Controller.php(219): CodeIgniter\Validation\Validation->run()
#7 /home/u982083468/domains/intelektbusiness.com/public_html/whai/app/Controllers/Users.php(28): CodeIgniter\Controller->validate(Array, Array)
#8 /home/u982083468/domains/intelektbusiness.com/public_html/whai/system/CodeIgniter.php(918): App\Controllers\Users->index()
#9 /home/u982083468/domains/intelektbusiness.com/public_html/whai/system/CodeIgniter.php(404): CodeIgniter\CodeIgniter->runController(Object(App\Controllers\Users))
#10 /home/u982083468/domains/intelektbusiness.com/public_html/whai/system/CodeIgniter.php(312): CodeIgniter\CodeIgniter->handleRequest(NULL, Object(Config\Cache), false)
#11 /home/u982083468/domains/intelektbusiness.com/public_html/whai/index.php(45): CodeIgniter\CodeIgniter->run()
#12 {main}
CRITICAL - 2020-08-14 23:30:13 --> Unable to connect to the database.
#0 /home/u982083468/domains/intelektbusiness.com/public_html/whai/system/Database/BaseConnection.php(646): CodeIgniter\Database\BaseConnection->initialize()
#1 /home/u982083468/domains/intelektbusiness.com/public_html/whai/system/Database/BaseBuilder.php(1860): CodeIgniter\Database\BaseConnection->query('SELECT *\nFROM `...', Array, false)
#2 /home/u982083468/domains/intelektbusiness.com/public_html/whai/app/Models/CustomModel.php(22): CodeIgniter\Database\BaseBuilder->get()
#3 /home/u982083468/domains/intelektbusiness.com/public_html/whai/app/validation/UserRules.php(10): App\Models\CustomModel->searchUser(Array)
#4 /home/u982083468/domains/intelektbusiness.com/public_html/whai/system/Validation/Validation.php(325): App\validation\UserRules->validateUser('P@$$w0rd', 'username,passwo...', Array, NULL)
#5 /home/u982083468/domains/intelektbusiness.com/public_html/whai/system/Validation/Validation.php(189): CodeIgniter\Validation\Validation->processRules('password', 'password', 'P@$$w0rd', Array, Array)
#6 /home/u982083468/domains/intelektbusiness.com/public_html/whai/system/Controller.php(219): CodeIgniter\Validation\Validation->run()
#7 /home/u982083468/domains/intelektbusiness.com/public_html/whai/app/Controllers/Users.php(28): CodeIgniter\Controller->validate(Array, Array)
#8 /home/u982083468/domains/intelektbusiness.com/public_html/whai/system/CodeIgniter.php(918): App\Controllers\Users->index()
#9 /home/u982083468/domains/intelektbusiness.com/public_html/whai/system/CodeIgniter.php(404): CodeIgniter\CodeIgniter->runController(Object(App\Controllers\Users))
#10 /home/u982083468/domains/intelektbusiness.com/public_html/whai/system/CodeIgniter.php(312): CodeIgniter\CodeIgniter->handleRequest(NULL, Object(Config\Cache), false)
#11 /home/u982083468/domains/intelektbusiness.com/public_html/whai/index.php(45): CodeIgniter\CodeIgniter->run()
#12 {main}
