CRITICAL - 2020-08-20 01:18:01 --> Table 'u982083468_whai.inventory_transaction' doesn't exist
#0 /home/u982083468/domains/intelektbusiness.com/public_html/whai/system/Database/MySQLi/Connection.php(331): mysqli->query('INSERT INTO `in...')
#1 /home/u982083468/domains/intelektbusiness.com/public_html/whai/system/Database/BaseConnection.php(741): CodeIgniter\Database\MySQLi\Connection->execute('INSERT INTO `in...')
#2 /home/u982083468/domains/intelektbusiness.com/public_html/whai/system/Database/BaseConnection.php(669): CodeIgniter\Database\BaseConnection->simpleQuery('INSERT INTO `in...')
#3 /home/u982083468/domains/intelektbusiness.com/public_html/whai/system/Database/BaseBuilder.php(2249): CodeIgniter\Database\BaseConnection->query('INSERT INTO `in...', Array, false)
#4 /home/u982083468/domains/intelektbusiness.com/public_html/whai/app/Models/CustomModel.php(258): CodeIgniter\Database\BaseBuilder->insert(Array)
#5 /home/u982083468/domains/intelektbusiness.com/public_html/whai/app/Controllers/inventory/Inventory.php(98): App\Models\CustomModel->updateInventory(Array, Array)
#6 /home/u982083468/domains/intelektbusiness.com/public_html/whai/system/CodeIgniter.php(918): App\Controllers\Inventory\Inventory->updateItem()
#7 /home/u982083468/domains/intelektbusiness.com/public_html/whai/system/CodeIgniter.php(404): CodeIgniter\CodeIgniter->runController(Object(App\Controllers\Inventory\Inventory))
#8 /home/u982083468/domains/intelektbusiness.com/public_html/whai/system/CodeIgniter.php(312): CodeIgniter\CodeIgniter->handleRequest(NULL, Object(Config\Cache), false)
#9 /home/u982083468/domains/intelektbusiness.com/public_html/whai/index.php(45): CodeIgniter\CodeIgniter->run()
#10 {main}
CRITICAL - 2020-08-20 01:18:15 --> Table 'u982083468_whai.inventory_transaction' doesn't exist
#0 /home/u982083468/domains/intelektbusiness.com/public_html/whai/system/Database/MySQLi/Connection.php(331): mysqli->query('INSERT INTO `in...')
#1 /home/u982083468/domains/intelektbusiness.com/public_html/whai/system/Database/BaseConnection.php(741): CodeIgniter\Database\MySQLi\Connection->execute('INSERT INTO `in...')
#2 /home/u982083468/domains/intelektbusiness.com/public_html/whai/system/Database/BaseConnection.php(669): CodeIgniter\Database\BaseConnection->simpleQuery('INSERT INTO `in...')
#3 /home/u982083468/domains/intelektbusiness.com/public_html/whai/system/Database/BaseBuilder.php(2249): CodeIgniter\Database\BaseConnection->query('INSERT INTO `in...', Array, false)
#4 /home/u982083468/domains/intelektbusiness.com/public_html/whai/app/Models/CustomModel.php(258): CodeIgniter\Database\BaseBuilder->insert(Array)
#5 /home/u982083468/domains/intelektbusiness.com/public_html/whai/app/Controllers/inventory/Inventory.php(98): App\Models\CustomModel->updateInventory(Array, Array)
#6 /home/u982083468/domains/intelektbusiness.com/public_html/whai/system/CodeIgniter.php(918): App\Controllers\Inventory\Inventory->updateItem()
#7 /home/u982083468/domains/intelektbusiness.com/public_html/whai/system/CodeIgniter.php(404): CodeIgniter\CodeIgniter->runController(Object(App\Controllers\Inventory\Inventory))
#8 /home/u982083468/domains/intelektbusiness.com/public_html/whai/system/CodeIgniter.php(312): CodeIgniter\CodeIgniter->handleRequest(NULL, Object(Config\Cache), false)
#9 /home/u982083468/domains/intelektbusiness.com/public_html/whai/index.php(45): CodeIgniter\CodeIgniter->run()
#10 {main}
CRITICAL - 2020-08-20 01:18:41 --> Table 'u982083468_whai.inventory_transaction' doesn't exist
#0 /home/u982083468/domains/intelektbusiness.com/public_html/whai/system/Database/MySQLi/Connection.php(331): mysqli->query('INSERT INTO `in...')
#1 /home/u982083468/domains/intelektbusiness.com/public_html/whai/system/Database/BaseConnection.php(741): CodeIgniter\Database\MySQLi\Connection->execute('INSERT INTO `in...')
#2 /home/u982083468/domains/intelektbusiness.com/public_html/whai/system/Database/BaseConnection.php(669): CodeIgniter\Database\BaseConnection->simpleQuery('INSERT INTO `in...')
#3 /home/u982083468/domains/intelektbusiness.com/public_html/whai/system/Database/BaseBuilder.php(2249): CodeIgniter\Database\BaseConnection->query('INSERT INTO `in...', Array, false)
#4 /home/u982083468/domains/intelektbusiness.com/public_html/whai/app/Models/CustomModel.php(258): CodeIgniter\Database\BaseBuilder->insert(Array)
#5 /home/u982083468/domains/intelektbusiness.com/public_html/whai/app/Controllers/inventory/Inventory.php(98): App\Models\CustomModel->updateInventory(Array, Array)
#6 /home/u982083468/domains/intelektbusiness.com/public_html/whai/system/CodeIgniter.php(918): App\Controllers\Inventory\Inventory->updateItem()
#7 /home/u982083468/domains/intelektbusiness.com/public_html/whai/system/CodeIgniter.php(404): CodeIgniter\CodeIgniter->runController(Object(App\Controllers\Inventory\Inventory))
#8 /home/u982083468/domains/intelektbusiness.com/public_html/whai/system/CodeIgniter.php(312): CodeIgniter\CodeIgniter->handleRequest(NULL, Object(Config\Cache), false)
#9 /home/u982083468/domains/intelektbusiness.com/public_html/whai/index.php(45): CodeIgniter\CodeIgniter->run()
#10 {main}
CRITICAL - 2020-08-20 01:20:35 --> Column 'item_prev_count' cannot be null
#0 /home/u982083468/domains/intelektbusiness.com/public_html/whai/system/Database/MySQLi/Connection.php(331): mysqli->query('INSERT INTO `in...')
#1 /home/u982083468/domains/intelektbusiness.com/public_html/whai/system/Database/BaseConnection.php(741): CodeIgniter\Database\MySQLi\Connection->execute('INSERT INTO `in...')
#2 /home/u982083468/domains/intelektbusiness.com/public_html/whai/system/Database/BaseConnection.php(669): CodeIgniter\Database\BaseConnection->simpleQuery('INSERT INTO `in...')
#3 /home/u982083468/domains/intelektbusiness.com/public_html/whai/system/Database/BaseBuilder.php(2249): CodeIgniter\Database\BaseConnection->query('INSERT INTO `in...', Array, false)
#4 /home/u982083468/domains/intelektbusiness.com/public_html/whai/app/Models/CustomModel.php(258): CodeIgniter\Database\BaseBuilder->insert(Array)
#5 /home/u982083468/domains/intelektbusiness.com/public_html/whai/app/Controllers/inventory/Inventory.php(98): App\Models\CustomModel->updateInventory(Array, Array)
#6 /home/u982083468/domains/intelektbusiness.com/public_html/whai/system/CodeIgniter.php(918): App\Controllers\Inventory\Inventory->updateItem()
#7 /home/u982083468/domains/intelektbusiness.com/public_html/whai/system/CodeIgniter.php(404): CodeIgniter\CodeIgniter->runController(Object(App\Controllers\Inventory\Inventory))
#8 /home/u982083468/domains/intelektbusiness.com/public_html/whai/system/CodeIgniter.php(312): CodeIgniter\CodeIgniter->handleRequest(NULL, Object(Config\Cache), false)
#9 /home/u982083468/domains/intelektbusiness.com/public_html/whai/index.php(45): CodeIgniter\CodeIgniter->run()
#10 {main}
CRITICAL - 2020-08-20 01:20:35 --> Column 'item_code' cannot be null
#0 /home/u982083468/domains/intelektbusiness.com/public_html/whai/system/Database/MySQLi/Connection.php(331): mysqli->query('INSERT INTO `in...')
#1 /home/u982083468/domains/intelektbusiness.com/public_html/whai/system/Database/BaseConnection.php(741): CodeIgniter\Database\MySQLi\Connection->execute('INSERT INTO `in...')
#2 /home/u982083468/domains/intelektbusiness.com/public_html/whai/system/Database/BaseConnection.php(669): CodeIgniter\Database\BaseConnection->simpleQuery('INSERT INTO `in...')
#3 /home/u982083468/domains/intelektbusiness.com/public_html/whai/system/Database/BaseBuilder.php(2249): CodeIgniter\Database\BaseConnection->query('INSERT INTO `in...', Array, false)
#4 /home/u982083468/domains/intelektbusiness.com/public_html/whai/app/Models/CustomModel.php(258): CodeIgniter\Database\BaseBuilder->insert(Array)
#5 /home/u982083468/domains/intelektbusiness.com/public_html/whai/app/Controllers/inventory/Inventory.php(98): App\Models\CustomModel->updateInventory(Array, Array)
#6 /home/u982083468/domains/intelektbusiness.com/public_html/whai/system/CodeIgniter.php(918): App\Controllers\Inventory\Inventory->updateItem()
#7 /home/u982083468/domains/intelektbusiness.com/public_html/whai/system/CodeIgniter.php(404): CodeIgniter\CodeIgniter->runController(Object(App\Controllers\Inventory\Inventory))
#8 /home/u982083468/domains/intelektbusiness.com/public_html/whai/system/CodeIgniter.php(312): CodeIgniter\CodeIgniter->handleRequest(NULL, Object(Config\Cache), false)
#9 /home/u982083468/domains/intelektbusiness.com/public_html/whai/index.php(45): CodeIgniter\CodeIgniter->run()
#10 {main}
CRITICAL - 2020-08-20 01:20:40 --> Column 'item_prev_count' cannot be null
#0 /home/u982083468/domains/intelektbusiness.com/public_html/whai/system/Database/MySQLi/Connection.php(331): mysqli->query('INSERT INTO `in...')
#1 /home/u982083468/domains/intelektbusiness.com/public_html/whai/system/Database/BaseConnection.php(741): CodeIgniter\Database\MySQLi\Connection->execute('INSERT INTO `in...')
#2 /home/u982083468/domains/intelektbusiness.com/public_html/whai/system/Database/BaseConnection.php(669): CodeIgniter\Database\BaseConnection->simpleQuery('INSERT INTO `in...')
#3 /home/u982083468/domains/intelektbusiness.com/public_html/whai/system/Database/BaseBuilder.php(2249): CodeIgniter\Database\BaseConnection->query('INSERT INTO `in...', Array, false)
#4 /home/u982083468/domains/intelektbusiness.com/public_html/whai/app/Models/CustomModel.php(258): CodeIgniter\Database\BaseBuilder->insert(Array)
#5 /home/u982083468/domains/intelektbusiness.com/public_html/whai/app/Controllers/inventory/Inventory.php(98): App\Models\CustomModel->updateInventory(Array, Array)
#6 /home/u982083468/domains/intelektbusiness.com/public_html/whai/system/CodeIgniter.php(918): App\Controllers\Inventory\Inventory->updateItem()
#7 /home/u982083468/domains/intelektbusiness.com/public_html/whai/system/CodeIgniter.php(404): CodeIgniter\CodeIgniter->runController(Object(App\Controllers\Inventory\Inventory))
#8 /home/u982083468/domains/intelektbusiness.com/public_html/whai/system/CodeIgniter.php(312): CodeIgniter\CodeIgniter->handleRequest(NULL, Object(Config\Cache), false)
#9 /home/u982083468/domains/intelektbusiness.com/public_html/whai/index.php(45): CodeIgniter\CodeIgniter->run()
#10 {main}
CRITICAL - 2020-08-20 01:21:05 --> Column 'item_prev_count' cannot be null
#0 /home/u982083468/domains/intelektbusiness.com/public_html/whai/system/Database/MySQLi/Connection.php(331): mysqli->query('INSERT INTO `in...')
#1 /home/u982083468/domains/intelektbusiness.com/public_html/whai/system/Database/BaseConnection.php(741): CodeIgniter\Database\MySQLi\Connection->execute('INSERT INTO `in...')
#2 /home/u982083468/domains/intelektbusiness.com/public_html/whai/system/Database/BaseConnection.php(669): CodeIgniter\Database\BaseConnection->simpleQuery('INSERT INTO `in...')
#3 /home/u982083468/domains/intelektbusiness.com/public_html/whai/system/Database/BaseBuilder.php(2249): CodeIgniter\Database\BaseConnection->query('INSERT INTO `in...', Array, false)
#4 /home/u982083468/domains/intelektbusiness.com/public_html/whai/app/Models/CustomModel.php(258): CodeIgniter\Database\BaseBuilder->insert(Array)
#5 /home/u982083468/domains/intelektbusiness.com/public_html/whai/app/Controllers/inventory/Inventory.php(98): App\Models\CustomModel->updateInventory(Array, Array)
#6 /home/u982083468/domains/intelektbusiness.com/public_html/whai/system/CodeIgniter.php(918): App\Controllers\Inventory\Inventory->updateItem()
#7 /home/u982083468/domains/intelektbusiness.com/public_html/whai/system/CodeIgniter.php(404): CodeIgniter\CodeIgniter->runController(Object(App\Controllers\Inventory\Inventory))
#8 /home/u982083468/domains/intelektbusiness.com/public_html/whai/system/CodeIgniter.php(312): CodeIgniter\CodeIgniter->handleRequest(NULL, Object(Config\Cache), false)
#9 /home/u982083468/domains/intelektbusiness.com/public_html/whai/index.php(45): CodeIgniter\CodeIgniter->run()
#10 {main}
CRITICAL - 2020-08-20 01:31:20 --> Column 'item_code' cannot be null
#0 /home/u982083468/domains/intelektbusiness.com/public_html/whai/system/Database/MySQLi/Connection.php(331): mysqli->query('INSERT INTO `in...')
#1 /home/u982083468/domains/intelektbusiness.com/public_html/whai/system/Database/BaseConnection.php(741): CodeIgniter\Database\MySQLi\Connection->execute('INSERT INTO `in...')
#2 /home/u982083468/domains/intelektbusiness.com/public_html/whai/system/Database/BaseConnection.php(669): CodeIgniter\Database\BaseConnection->simpleQuery('INSERT INTO `in...')
#3 /home/u982083468/domains/intelektbusiness.com/public_html/whai/system/Database/BaseBuilder.php(2249): CodeIgniter\Database\BaseConnection->query('INSERT INTO `in...', Array, false)
#4 /home/u982083468/domains/intelektbusiness.com/public_html/whai/app/Models/CustomModel.php(258): CodeIgniter\Database\BaseBuilder->insert(Array)
#5 /home/u982083468/domains/intelektbusiness.com/public_html/whai/app/Controllers/inventory/Inventory.php(98): App\Models\CustomModel->updateInventory(Array, Array)
#6 /home/u982083468/domains/intelektbusiness.com/public_html/whai/system/CodeIgniter.php(918): App\Controllers\Inventory\Inventory->updateItem()
#7 /home/u982083468/domains/intelektbusiness.com/public_html/whai/system/CodeIgniter.php(404): CodeIgniter\CodeIgniter->runController(Object(App\Controllers\Inventory\Inventory))
#8 /home/u982083468/domains/intelektbusiness.com/public_html/whai/system/CodeIgniter.php(312): CodeIgniter\CodeIgniter->handleRequest(NULL, Object(Config\Cache), false)
#9 /home/u982083468/domains/intelektbusiness.com/public_html/whai/index.php(45): CodeIgniter\CodeIgniter->run()
#10 {main}
CRITICAL - 2020-08-20 01:38:32 --> Column 'item_prev_count' cannot be null
#0 /home/u982083468/domains/intelektbusiness.com/public_html/whai/system/Database/MySQLi/Connection.php(331): mysqli->query('INSERT INTO `in...')
#1 /home/u982083468/domains/intelektbusiness.com/public_html/whai/system/Database/BaseConnection.php(741): CodeIgniter\Database\MySQLi\Connection->execute('INSERT INTO `in...')
#2 /home/u982083468/domains/intelektbusiness.com/public_html/whai/system/Database/BaseConnection.php(669): CodeIgniter\Database\BaseConnection->simpleQuery('INSERT INTO `in...')
#3 /home/u982083468/domains/intelektbusiness.com/public_html/whai/system/Database/BaseBuilder.php(2249): CodeIgniter\Database\BaseConnection->query('INSERT INTO `in...', Array, false)
#4 /home/u982083468/domains/intelektbusiness.com/public_html/whai/app/Models/CustomModel.php(258): CodeIgniter\Database\BaseBuilder->insert(Array)
#5 /home/u982083468/domains/intelektbusiness.com/public_html/whai/app/Controllers/inventory/Inventory.php(98): App\Models\CustomModel->updateInventory(Array, Array)
#6 /home/u982083468/domains/intelektbusiness.com/public_html/whai/system/CodeIgniter.php(918): App\Controllers\Inventory\Inventory->updateItem()
#7 /home/u982083468/domains/intelektbusiness.com/public_html/whai/system/CodeIgniter.php(404): CodeIgniter\CodeIgniter->runController(Object(App\Controllers\Inventory\Inventory))
#8 /home/u982083468/domains/intelektbusiness.com/public_html/whai/system/CodeIgniter.php(312): CodeIgniter\CodeIgniter->handleRequest(NULL, Object(Config\Cache), false)
#9 /home/u982083468/domains/intelektbusiness.com/public_html/whai/index.php(45): CodeIgniter\CodeIgniter->run()
#10 {main}
CRITICAL - 2020-08-20 01:39:17 --> Column 'item_prev_count' cannot be null
#0 /home/u982083468/domains/intelektbusiness.com/public_html/whai/system/Database/MySQLi/Connection.php(331): mysqli->query('INSERT INTO `in...')
#1 /home/u982083468/domains/intelektbusiness.com/public_html/whai/system/Database/BaseConnection.php(741): CodeIgniter\Database\MySQLi\Connection->execute('INSERT INTO `in...')
#2 /home/u982083468/domains/intelektbusiness.com/public_html/whai/system/Database/BaseConnection.php(669): CodeIgniter\Database\BaseConnection->simpleQuery('INSERT INTO `in...')
#3 /home/u982083468/domains/intelektbusiness.com/public_html/whai/system/Database/BaseBuilder.php(2249): CodeIgniter\Database\BaseConnection->query('INSERT INTO `in...', Array, false)
#4 /home/u982083468/domains/intelektbusiness.com/public_html/whai/app/Models/CustomModel.php(258): CodeIgniter\Database\BaseBuilder->insert(Array)
#5 /home/u982083468/domains/intelektbusiness.com/public_html/whai/app/Controllers/inventory/Inventory.php(98): App\Models\CustomModel->updateInventory(Array, Array)
#6 /home/u982083468/domains/intelektbusiness.com/public_html/whai/system/CodeIgniter.php(918): App\Controllers\Inventory\Inventory->updateItem()
#7 /home/u982083468/domains/intelektbusiness.com/public_html/whai/system/CodeIgniter.php(404): CodeIgniter\CodeIgniter->runController(Object(App\Controllers\Inventory\Inventory))
#8 /home/u982083468/domains/intelektbusiness.com/public_html/whai/system/CodeIgniter.php(312): CodeIgniter\CodeIgniter->handleRequest(NULL, Object(Config\Cache), false)
#9 /home/u982083468/domains/intelektbusiness.com/public_html/whai/index.php(45): CodeIgniter\CodeIgniter->run()
#10 {main}
CRITICAL - 2020-08-20 01:50:18 --> Column 'item_code' cannot be null
#0 /home/u982083468/domains/intelektbusiness.com/public_html/whai/system/Database/MySQLi/Connection.php(331): mysqli->query('INSERT INTO `in...')
#1 /home/u982083468/domains/intelektbusiness.com/public_html/whai/system/Database/BaseConnection.php(741): CodeIgniter\Database\MySQLi\Connection->execute('INSERT INTO `in...')
#2 /home/u982083468/domains/intelektbusiness.com/public_html/whai/system/Database/BaseConnection.php(669): CodeIgniter\Database\BaseConnection->simpleQuery('INSERT INTO `in...')
#3 /home/u982083468/domains/intelektbusiness.com/public_html/whai/system/Database/BaseBuilder.php(2249): CodeIgniter\Database\BaseConnection->query('INSERT INTO `in...', Array, false)
#4 /home/u982083468/domains/intelektbusiness.com/public_html/whai/app/Models/CustomModel.php(258): CodeIgniter\Database\BaseBuilder->insert(Array)
#5 /home/u982083468/domains/intelektbusiness.com/public_html/whai/app/Controllers/inventory/Inventory.php(98): App\Models\CustomModel->updateInventory(Array, Array)
#6 /home/u982083468/domains/intelektbusiness.com/public_html/whai/system/CodeIgniter.php(918): App\Controllers\Inventory\Inventory->updateItem()
#7 /home/u982083468/domains/intelektbusiness.com/public_html/whai/system/CodeIgniter.php(404): CodeIgniter\CodeIgniter->runController(Object(App\Controllers\Inventory\Inventory))
#8 /home/u982083468/domains/intelektbusiness.com/public_html/whai/system/CodeIgniter.php(312): CodeIgniter\CodeIgniter->handleRequest(NULL, Object(Config\Cache), false)
#9 /home/u982083468/domains/intelektbusiness.com/public_html/whai/index.php(45): CodeIgniter\CodeIgniter->run()
#10 {main}
CRITICAL - 2020-08-20 02:01:48 --> Column 'item_prev_count' cannot be null
#0 /home/u982083468/domains/intelektbusiness.com/public_html/whai/system/Database/MySQLi/Connection.php(331): mysqli->query('INSERT INTO `in...')
#1 /home/u982083468/domains/intelektbusiness.com/public_html/whai/system/Database/BaseConnection.php(741): CodeIgniter\Database\MySQLi\Connection->execute('INSERT INTO `in...')
#2 /home/u982083468/domains/intelektbusiness.com/public_html/whai/system/Database/BaseConnection.php(669): CodeIgniter\Database\BaseConnection->simpleQuery('INSERT INTO `in...')
#3 /home/u982083468/domains/intelektbusiness.com/public_html/whai/system/Database/BaseBuilder.php(2249): CodeIgniter\Database\BaseConnection->query('INSERT INTO `in...', Array, false)
#4 /home/u982083468/domains/intelektbusiness.com/public_html/whai/app/Models/CustomModel.php(258): CodeIgniter\Database\BaseBuilder->insert(Array)
#5 /home/u982083468/domains/intelektbusiness.com/public_html/whai/app/Controllers/inventory/Inventory.php(98): App\Models\CustomModel->updateInventory(Array, Array)
#6 /home/u982083468/domains/intelektbusiness.com/public_html/whai/system/CodeIgniter.php(918): App\Controllers\Inventory\Inventory->updateItem()
#7 /home/u982083468/domains/intelektbusiness.com/public_html/whai/system/CodeIgniter.php(404): CodeIgniter\CodeIgniter->runController(Object(App\Controllers\Inventory\Inventory))
#8 /home/u982083468/domains/intelektbusiness.com/public_html/whai/system/CodeIgniter.php(312): CodeIgniter\CodeIgniter->handleRequest(NULL, Object(Config\Cache), false)
#9 /home/u982083468/domains/intelektbusiness.com/public_html/whai/index.php(45): CodeIgniter\CodeIgniter->run()
#10 {main}
CRITICAL - 2020-08-20 02:04:43 --> Column 'item_prev_count' cannot be null
#0 /home/u982083468/domains/intelektbusiness.com/public_html/whai/system/Database/MySQLi/Connection.php(331): mysqli->query('INSERT INTO `in...')
#1 /home/u982083468/domains/intelektbusiness.com/public_html/whai/system/Database/BaseConnection.php(741): CodeIgniter\Database\MySQLi\Connection->execute('INSERT INTO `in...')
#2 /home/u982083468/domains/intelektbusiness.com/public_html/whai/system/Database/BaseConnection.php(669): CodeIgniter\Database\BaseConnection->simpleQuery('INSERT INTO `in...')
#3 /home/u982083468/domains/intelektbusiness.com/public_html/whai/system/Database/BaseBuilder.php(2249): CodeIgniter\Database\BaseConnection->query('INSERT INTO `in...', Array, false)
#4 /home/u982083468/domains/intelektbusiness.com/public_html/whai/app/Models/CustomModel.php(258): CodeIgniter\Database\BaseBuilder->insert(Array)
#5 /home/u982083468/domains/intelektbusiness.com/public_html/whai/app/Controllers/inventory/Inventory.php(98): App\Models\CustomModel->updateInventory(Array, Array)
#6 /home/u982083468/domains/intelektbusiness.com/public_html/whai/system/CodeIgniter.php(918): App\Controllers\Inventory\Inventory->updateItem()
#7 /home/u982083468/domains/intelektbusiness.com/public_html/whai/system/CodeIgniter.php(404): CodeIgniter\CodeIgniter->runController(Object(App\Controllers\Inventory\Inventory))
#8 /home/u982083468/domains/intelektbusiness.com/public_html/whai/system/CodeIgniter.php(312): CodeIgniter\CodeIgniter->handleRequest(NULL, Object(Config\Cache), false)
#9 /home/u982083468/domains/intelektbusiness.com/public_html/whai/index.php(45): CodeIgniter\CodeIgniter->run()
#10 {main}
